<?xml version="1.0" encoding="UTF-8"?>
<!-- Generated by org.testng.reporters.JUnitReportReporter -->
<testsuite hostname="nba-057-g1-pl" failures="0" tests="4" name="tests.AddProductsToCartTest" time="20.198" errors="0" timestamp="2023-02-23T10:15:51 CET" skipped="0">
  <testcase classname="tests.AddProductsToCartTest" name="addTwoProductToCartTest" time="2.527"/>
  <system-out/>
  <testcase classname="tests.AddProductsToCartTest" name="addOneProductToCartTest" time="6.137"/>
  <system-out/>
  <testcase classname="tests.AddProductsToCartTest" name="addCoupleProductsToCartTest" time="6.128"/>
  <system-out/>
  <testcase classname="tests.AddProductsToCartTest" name="isProductVisibleTest" time="5.406"/>
  <system-out/>
</testsuite> <!-- tests.AddProductsToCartTest -->
